<?xml version="1.0" encoding="UTF-8"?>
<!-- Generated by org.testng.reporters.JUnitReportReporter -->
<testsuite hostname="WKWIN7559477" name="com.sapient.xml.Demo2" tests="2" failures="0" timestamp="26 Feb 2020 05:41:53 GMT" time="29.335" errors="0">
  <testcase name="open" time="16.945" classname="com.sapient.xml.Demo2"/>
  <testcase name="open" time="12.390" classname="com.sapient.xml.Demo2"/>
</testsuite> <!-- com.sapient.xml.Demo2 -->
