<?xml version="1.0" encoding="UTF-8"?>
<!-- Generated by org.testng.reporters.JUnitReportReporter -->
<testsuite hostname="WKWIN7559477" name="com.sapient.xml.flipkart" tests="2" failures="0" timestamp="27 Feb 2020 10:26:05 GMT" time="51.512" errors="0">
  <testcase name="open" time="26.661" classname="com.sapient.xml.flipkart"/>
  <testcase name="open" time="24.851" classname="com.sapient.xml.flipkart"/>
</testsuite> <!-- com.sapient.xml.flipkart -->
