<?xml version="1.0" encoding="UTF-8"?>
<!-- Generated by org.testng.reporters.JUnitReportReporter -->
<testsuite hostname="WKWIN7559477" name="com.sapient.xml.Demo2" tests="2" failures="0" timestamp="27 Feb 2020 05:09:28 GMT" time="25.353" errors="0">
  <testcase name="open" time="14.914" classname="com.sapient.xml.Demo2"/>
  <testcase name="open" time="10.439" classname="com.sapient.xml.Demo2"/>
</testsuite> <!-- com.sapient.xml.Demo2 -->
